2025-12-13 14:55:28,859 | INFO | Found 37 data files
2025-12-13 14:55:28,859 | INFO | Loading combined1.json...
2025-12-13 14:55:31,513 | INFO | Loading combined10.json...
2025-12-13 14:55:35,648 | INFO | Loading combined11.json...
2025-12-13 14:55:38,019 | INFO | Loading combined12.json...
2025-12-13 14:55:41,421 | INFO | Loading combined13.json...
2025-12-13 14:55:45,935 | INFO | Loading combined14.json...
2025-12-13 14:55:49,301 | INFO | Loading combined15.json...
2025-12-13 14:55:52,353 | INFO | Loading combined16.json...
2025-12-13 14:55:55,253 | INFO | Loading combined17.json...
2025-12-13 14:55:58,243 | INFO | Loading combined18.json...
2025-12-13 14:56:01,698 | INFO | Loading combined19.json...
2025-12-13 14:56:05,737 | INFO | Loading combined2.json...
2025-12-13 14:56:07,993 | INFO | Loading combined20.json...
2025-12-13 14:56:11,625 | INFO | Loading combined21.json...
2025-12-13 14:56:15,332 | INFO | Loading combined22.json...
2025-12-13 14:56:17,789 | INFO | Loading combined23.json...
2025-12-13 14:56:20,285 | INFO | Loading combined24.json...
2025-12-13 14:56:23,318 | INFO | Loading combined25.json...
2025-12-13 14:56:26,225 | INFO | Loading combined26.json...
2025-12-13 14:56:29,346 | INFO | Loading combined27.json...
2025-12-13 14:56:31,989 | INFO | Loading combined28.json...
2025-12-13 14:56:37,148 | INFO | Loading combined29.json...
2025-12-13 14:56:43,634 | INFO | Loading combined3.json...
2025-12-13 14:56:48,938 | INFO | Loading combined30.json...
2025-12-13 14:56:53,037 | INFO | Loading combined31.json...
2025-12-13 14:57:07,979 | INFO | Loading combined32.json...
2025-12-13 14:57:26,635 | INFO | Loading combined33.json...
2025-12-13 14:57:56,880 | INFO | Loading combined34.json...
2025-12-13 14:58:29,483 | INFO | Loading combined35.json...
2025-12-13 14:58:30,468 | INFO | Loading combined36.json...
2025-12-13 14:58:55,625 | INFO | Loading combined37.json...
2025-12-13 14:59:20,243 | INFO | Loading combined4.json...
2025-12-13 14:59:37,268 | INFO | Loading combined5.json...
2025-12-13 14:59:49,780 | INFO | Loading combined6.json...
2025-12-13 15:00:24,925 | INFO | Loading combined7.json...
2025-12-13 15:00:45,627 | INFO | Loading combined8.json...
2025-12-13 15:01:09,658 | INFO | Loading combined9.json...
2025-12-13 15:01:33,906 | INFO | Total: 1389310 matches
2025-12-13 15:01:34,631 | INFO | Train: 1319845, Test: 69465
2025-12-13 15:01:34,631 | INFO | Building statistics...
2025-12-13 15:02:35,017 | INFO | Stats: heroes=126, pos_wr=305, synergy=7802, counter=15749, matchup=16289
2025-12-13 15:02:35,500 | INFO | 
Evaluating...
2025-12-13 15:02:44,399 | INFO | Best threshold: 0.890, WR=60.77%, Coverage=40.06%
2025-12-13 15:02:44,400 | INFO | 
Threshold analysis:
2025-12-13 15:02:52,746 | INFO |   th=0.3: WR=57.59%, Cov=100.00% (53589/53589)
2025-12-13 15:03:00,882 | INFO |   th=0.4: WR=57.95%, Cov=96.01% (51450/53589)
2025-12-13 15:03:09,291 | INFO |   th=0.5: WR=58.24%, Cov=91.93% (49262/53589)
2025-12-13 15:03:17,991 | INFO |   th=0.6: WR=58.58%, Cov=87.82% (47060/53589)
2025-12-13 15:03:26,376 | INFO |   th=0.7: WR=60.59%, Cov=53.21% (28514/53589)
2025-12-13 15:03:26,527 | INFO | Saved to ml-models/draft_rules_stats.json
