2025-12-13 14:54:25,735 | INFO | Found 37 data files
2025-12-13 14:54:25,735 | INFO | Loading combined1.json...
2025-12-13 14:54:27,926 | INFO | Loading combined10.json...
2025-12-13 14:54:30,941 | INFO | Loading combined11.json...
2025-12-13 14:54:32,932 | INFO | Loading combined12.json...
2025-12-13 14:54:35,377 | INFO | Loading combined13.json...
2025-12-13 14:54:37,849 | INFO | Loading combined14.json...
2025-12-13 14:54:40,661 | INFO | Loading combined15.json...
2025-12-13 14:54:42,782 | INFO | Loading combined16.json...
2025-12-13 14:54:45,299 | INFO | Loading combined17.json...
2025-12-13 14:54:47,614 | INFO | Loading combined18.json...
2025-12-13 14:54:50,363 | INFO | Loading combined19.json...
2025-12-13 14:54:52,783 | INFO | Loading combined2.json...
2025-12-13 14:54:55,014 | INFO | Loading combined20.json...
2025-12-13 14:54:57,528 | INFO | Loading combined21.json...
2025-12-13 14:55:00,188 | INFO | Loading combined22.json...
2025-12-13 14:55:02,241 | INFO | Loading combined23.json...
2025-12-13 14:55:04,625 | INFO | Loading combined24.json...
2025-12-13 14:55:07,036 | INFO | Loading combined25.json...
2025-12-13 14:55:09,920 | INFO | Loading combined26.json...
2025-12-13 14:55:12,914 | INFO | Loading combined27.json...
2025-12-13 14:55:15,218 | INFO | Loading combined28.json...
2025-12-13 14:55:17,533 | INFO | Loading combined29.json...
2025-12-13 14:55:20,508 | INFO | Loading combined3.json...
2025-12-13 14:55:22,571 | INFO | Loading combined30.json...
2025-12-13 14:55:26,143 | INFO | Loading combined31.json...
2025-12-13 14:55:30,798 | INFO | Loading combined32.json...
2025-12-13 14:55:37,823 | INFO | Loading combined33.json...
2025-12-13 14:55:46,712 | INFO | Loading combined34.json...
2025-12-13 14:55:50,782 | INFO | Loading combined35.json...
2025-12-13 14:55:51,119 | INFO | Loading combined36.json...
2025-12-13 14:55:55,744 | INFO | Loading combined37.json...
2025-12-13 14:56:02,790 | INFO | Loading combined4.json...
2025-12-13 14:56:05,220 | INFO | Loading combined5.json...
2025-12-13 14:56:08,085 | INFO | Loading combined6.json...
2025-12-13 14:56:12,322 | INFO | Loading combined7.json...
2025-12-13 14:56:16,000 | INFO | Loading combined8.json...
2025-12-13 14:56:18,499 | INFO | Loading combined9.json...
2025-12-13 14:56:21,330 | INFO | Total loaded: 1389310 matches
2025-12-13 14:56:21,448 | INFO | Train: 1319845, Test: 69465
2025-12-13 14:56:21,448 | INFO | Generating features...
2025-12-13 14:56:49,619 | INFO | Train: 2639690, Test: 69465, Features: 18
2025-12-13 14:56:54,298 | INFO | Training...
