2025-12-13 14:13:47,669 | INFO | Found 37 data files
2025-12-13 14:13:47,669 | INFO | Loading combined1.json...
2025-12-13 14:13:55,143 | INFO | Loading combined10.json...
2025-12-13 14:14:08,772 | INFO | Loading combined11.json...
2025-12-13 14:14:18,767 | INFO | Loading combined12.json...
2025-12-13 14:14:27,569 | INFO | Loading combined13.json...
2025-12-13 14:14:37,846 | INFO | Loading combined14.json...
2025-12-13 14:14:48,333 | INFO | Loading combined15.json...
2025-12-13 14:14:55,762 | INFO | Loading combined16.json...
2025-12-13 14:15:05,118 | INFO | Loading combined17.json...
2025-12-13 14:15:13,912 | INFO | Loading combined18.json...
2025-12-13 14:15:23,920 | INFO | Loading combined19.json...
2025-12-13 14:15:31,753 | INFO | Loading combined2.json...
2025-12-13 14:15:39,618 | INFO | Loading combined20.json...
2025-12-13 14:15:48,389 | INFO | Loading combined21.json...
2025-12-13 14:15:59,858 | INFO | Loading combined22.json...
2025-12-13 14:16:06,654 | INFO | Loading combined23.json...
2025-12-13 14:16:16,660 | INFO | Loading combined24.json...
2025-12-13 14:16:27,508 | INFO | Loading combined25.json...
2025-12-13 14:16:40,449 | INFO | Loading combined26.json...
2025-12-13 14:16:50,611 | INFO | Loading combined27.json...
2025-12-13 14:16:58,168 | INFO | Loading combined28.json...
2025-12-13 14:17:05,465 | INFO | Loading combined29.json...
2025-12-13 14:17:15,220 | INFO | Loading combined3.json...
2025-12-13 14:17:22,227 | INFO | Loading combined30.json...
2025-12-13 14:17:41,596 | INFO | Loading combined31.json...
2025-12-13 14:18:04,039 | INFO | Loading combined32.json...
2025-12-13 14:18:26,073 | INFO | Loading combined33.json...
2025-12-13 14:18:53,790 | INFO | Loading combined34.json...
2025-12-13 14:19:19,435 | INFO | Loading combined35.json...
2025-12-13 14:19:20,892 | INFO | Loading combined36.json...
2025-12-13 14:19:41,014 | INFO | Loading combined37.json...
2025-12-13 14:20:07,929 | INFO | Loading combined4.json...
2025-12-13 14:20:17,231 | INFO | Loading combined5.json...
2025-12-13 14:20:29,666 | INFO | Loading combined6.json...
2025-12-13 14:20:41,397 | INFO | Loading combined7.json...
2025-12-13 14:20:52,712 | INFO | Loading combined8.json...
2025-12-13 14:21:00,372 | INFO | Loading combined9.json...
2025-12-13 14:21:11,195 | INFO | Total loaded: 1389310 matches
2025-12-13 14:21:11,661 | INFO | Train: 1319845, Test: 69465
2025-12-13 14:21:11,661 | INFO | Computing draft statistics...
2025-12-13 14:22:03,665 | INFO | Stats: heroes=126, pos_wr=305, synergy=7802, counter=15750
2025-12-13 14:22:04,034 | INFO | Generating features...
2025-12-13 14:27:08,794 | INFO | Train: 2639690, Test: 69465, Features: 27
2025-12-13 14:27:17,483 | INFO | Training...
2025-12-13 14:49:40,402 | INFO | Base: AUC=0.6097, ACC=0.5778
2025-12-13 14:49:40,403 | INFO | 
Threshold analysis:
2025-12-13 14:49:40,429 | INFO |   Target 55%: th=0.665, WR=69.33%, Cov=11.05%
2025-12-13 14:49:40,455 | INFO |   Target 60%: th=0.665, WR=69.33%, Cov=11.05%
2025-12-13 14:49:40,479 | INFO |   Target 65%: th=0.665, WR=69.33%, Cov=11.05%
2025-12-13 14:49:40,503 | INFO |   Target 70%: th=0.665, WR=69.33%, Cov=11.05%
2025-12-13 14:49:40,527 | INFO |   Target 75%: th=0.665, WR=69.33%, Cov=11.05%
2025-12-13 14:49:47,498 | INFO | 
Symmetric: AUC=0.6093, ACC=0.5783
2025-12-13 14:49:47,538 | INFO | Best threshold: 0.610, WR=64.50%, Cov=30.96%
2025-12-13 14:49:47,579 | INFO | Saved to ml-models
2025-12-13 14:49:47,580 | INFO | 
Feature importance:
2025-12-13 14:49:47,580 | INFO |   wr_diff: 40.62
2025-12-13 14:49:47,580 | INFO |   counter_diff: 26.36
2025-12-13 14:49:47,580 | INFO |   draft_diff: 19.15
2025-12-13 14:49:47,580 | INFO |   synergy_diff: 9.43
2025-12-13 14:49:47,580 | INFO |   pos_wr_diff: 2.63
2025-12-13 14:49:47,580 | INFO |   matchup_pos2: 1.08
2025-12-13 14:49:47,580 | INFO |   supp_wr_diff: 0.23
2025-12-13 14:49:47,580 | INFO |   matchup_pos1: 0.07
2025-12-13 14:49:47,580 | INFO |   d_pos3: 0.06
2025-12-13 14:49:47,580 | INFO |   r_pos3: 0.06
2025-12-13 14:49:47,580 | INFO |   r_pos2: 0.04
2025-12-13 14:49:47,580 | INFO |   pos3_diff: 0.04
2025-12-13 14:49:47,580 | INFO |   r_pos4: 0.03
2025-12-13 14:49:47,580 | INFO |   r_pos1: 0.03
2025-12-13 14:49:47,580 | INFO |   pos4_diff: 0.03
2025-12-13 14:49:47,580 | INFO |   d_pos1: 0.03
2025-12-13 14:49:47,580 | INFO |   d_pos2: 0.03
2025-12-13 14:49:47,580 | INFO |   d_pos4: 0.02
2025-12-13 14:49:47,580 | INFO |   core_wr_diff: 0.01
2025-12-13 14:49:47,580 | INFO |   d_pos5: 0.01
0:	test: 0.5802524	best: 0.5802524 (0)	total: 2.4s	remaining: 1h 19m 58s
500:	test: 0.6097452	best: 0.6097478 (497)	total: 16m 26s	remaining: 49m 11s
Stopped by overfitting detector  (300 iterations wait)

bestTest = 0.6097477943
bestIteration = 497

Shrink model to first 498 iterations.
